C:\USERS\SHAGRATH\DOCUMENTS\VISUAL STUDIO 2013\PROJECTS\TRASH\MEHLIB\MEHLIB\DEBUG\MEHLIB.PCH
C:\USERS\SHAGRATH\DOCUMENTS\VISUAL STUDIO 2013\PROJECTS\TRASH\MEHLIB\MEHLIB\DEBUG\VC120.PDB
C:\USERS\SHAGRATH\DOCUMENTS\VISUAL STUDIO 2013\PROJECTS\TRASH\MEHLIB\MEHLIB\DEBUG\VC120.IDB
C:\USERS\SHAGRATH\DOCUMENTS\VISUAL STUDIO 2013\PROJECTS\TRASH\MEHLIB\MEHLIB\DEBUG\STDAFX.OBJ
C:\USERS\SHAGRATH\DOCUMENTS\VISUAL STUDIO 2013\PROJECTS\TRASH\MEHLIB\MEHLIB\DEBUG\DLLMAIN.OBJ
C:\USERS\SHAGRATH\DOCUMENTS\VISUAL STUDIO 2013\PROJECTS\TRASH\MEHLIB\MEHLIB\DEBUG\MEHLIB.OBJ
C:\USERS\SHAGRATH\DOCUMENTS\VISUAL STUDIO 2013\PROJECTS\TRASH\MEHLIB\DEBUG\MEHLIB.ILK
C:\USERS\SHAGRATH\DOCUMENTS\VISUAL STUDIO 2013\PROJECTS\TRASH\MEHLIB\DEBUG\MEHLIB.DLL
C:\USERS\SHAGRATH\DOCUMENTS\VISUAL STUDIO 2013\PROJECTS\TRASH\MEHLIB\DEBUG\MEHLIB.PDB
C:\Users\shagrath\Documents\Visual Studio 2013\Projects\TRASH\mehlib\Debug\mehlib.lib
C:\Users\shagrath\Documents\Visual Studio 2013\Projects\TRASH\mehlib\Debug\mehlib.exp
C:\Users\shagrath\Documents\Visual Studio 2013\Projects\TRASH\mehlib\mehlib\Debug\dllmain.obj
C:\Users\shagrath\Documents\Visual Studio 2013\Projects\TRASH\mehlib\mehlib\Debug\mehlib.obj
C:\Users\shagrath\Documents\Visual Studio 2013\Projects\TRASH\mehlib\mehlib\Debug\stdafx.obj
C:\Users\shagrath\Documents\Visual Studio 2013\Projects\TRASH\mehlib\mehlib\Debug\mehlib.pch
C:\Users\shagrath\Documents\Visual Studio 2013\Projects\TRASH\mehlib\mehlib\Debug\vc120.idb
C:\Users\shagrath\Documents\Visual Studio 2013\Projects\TRASH\mehlib\mehlib\Debug\vc120.pdb
C:\Users\shagrath\Documents\Visual Studio 2013\Projects\TRASH\mehlib\Debug\mehlib.pdb
C:\Users\shagrath\Documents\Visual Studio 2013\Projects\TRASH\mehlib\Debug\mehlib.dll
C:\Users\shagrath\Documents\Visual Studio 2013\Projects\TRASH\mehlib\Debug\mehlib.ilk
C:\Users\shagrath\Documents\Visual Studio 2013\Projects\TRASH\mehlib\mehlib\Debug\mehlib.tlog\cl.command.1.tlog
C:\Users\shagrath\Documents\Visual Studio 2013\Projects\TRASH\mehlib\mehlib\Debug\mehlib.tlog\CL.read.1.tlog
C:\Users\shagrath\Documents\Visual Studio 2013\Projects\TRASH\mehlib\mehlib\Debug\mehlib.tlog\CL.write.1.tlog
C:\Users\shagrath\Documents\Visual Studio 2013\Projects\TRASH\mehlib\mehlib\Debug\mehlib.tlog\link.command.1.tlog
C:\Users\shagrath\Documents\Visual Studio 2013\Projects\TRASH\mehlib\mehlib\Debug\mehlib.tlog\link.read.1.tlog
C:\Users\shagrath\Documents\Visual Studio 2013\Projects\TRASH\mehlib\mehlib\Debug\mehlib.tlog\link.write.1.tlog
C:\Users\shagrath\Documents\Visual Studio 2013\Projects\TRASH\mehlib\mehlib\Debug\mehlib.tlog\mehlib.write.1u.tlog
