G:\ENGI\GITYEDEK\COCA COLA MUSTAFA ONCESI\COCA-COLA\SEARCH\MEHLIB\X64\DEBUG\MEHLIB.PCH
G:\ENGI\GITYEDEK\COCA COLA MUSTAFA ONCESI\COCA-COLA\SEARCH\MEHLIB\X64\DEBUG\VC120.PDB
G:\ENGI\GITYEDEK\COCA COLA MUSTAFA ONCESI\COCA-COLA\SEARCH\MEHLIB\X64\DEBUG\VC120.IDB
G:\ENGI\GITYEDEK\COCA COLA MUSTAFA ONCESI\COCA-COLA\SEARCH\MEHLIB\X64\DEBUG\STDAFX.OBJ
G:\ENGI\GITYEDEK\COCA COLA MUSTAFA ONCESI\COCA-COLA\SEARCH\MEHLIB\X64\DEBUG\DLLMAIN.OBJ
G:\ENGI\GITYEDEK\COCA COLA MUSTAFA ONCESI\COCA-COLA\SEARCH\MEHLIB\X64\DEBUG\MEHLIB.OBJ
G:\ENGI\GITYEDEK\COCA COLA MUSTAFA ONCESI\COCA-COLA\SEARCH\X64\DEBUG\MEHLIB.ILK
G:\ENGI\GITYEDEK\COCA COLA MUSTAFA ONCESI\COCA-COLA\SEARCH\X64\DEBUG\MEHLIB.DLL
G:\ENGI\GITYEDEK\COCA COLA MUSTAFA ONCESI\COCA-COLA\SEARCH\X64\DEBUG\MEHLIB.PDB
G:\Engi\gityedek\coca cola mustafa oncesi\coca-cola\search\mehlib\x64\Debug\meh.obj
G:\Engi\gityedek\coca cola mustafa oncesi\coca-cola\search\x64\Debug\mehlib.lib
G:\Engi\gityedek\coca cola mustafa oncesi\coca-cola\search\x64\Debug\mehlib.exp
G:\Engi\gityedek\coca cola mustafa oncesi\coca-cola\search\mehlib\x64\Debug\dllmain.obj
G:\Engi\gityedek\coca cola mustafa oncesi\coca-cola\search\mehlib\x64\Debug\mehlib.obj
G:\Engi\gityedek\coca cola mustafa oncesi\coca-cola\search\mehlib\x64\Debug\stdafx.obj
G:\Engi\gityedek\coca cola mustafa oncesi\coca-cola\search\mehlib\x64\Debug\mehlib.pch
G:\Engi\gityedek\coca cola mustafa oncesi\coca-cola\search\mehlib\x64\Debug\vc120.idb
G:\Engi\gityedek\coca cola mustafa oncesi\coca-cola\search\mehlib\x64\Debug\vc120.pdb
G:\Engi\gityedek\coca cola mustafa oncesi\coca-cola\search\x64\Debug\mehlib.pdb
G:\Engi\gityedek\coca cola mustafa oncesi\coca-cola\search\x64\Debug\mehlib.dll
G:\Engi\gityedek\coca cola mustafa oncesi\coca-cola\search\x64\Debug\mehlib.ilk
G:\Engi\gityedek\coca cola mustafa oncesi\coca-cola\search\mehlib\x64\Debug\mehlib.tlog\cl.command.1.tlog
G:\Engi\gityedek\coca cola mustafa oncesi\coca-cola\search\mehlib\x64\Debug\mehlib.tlog\CL.read.1.tlog
G:\Engi\gityedek\coca cola mustafa oncesi\coca-cola\search\mehlib\x64\Debug\mehlib.tlog\CL.write.1.tlog
G:\Engi\gityedek\coca cola mustafa oncesi\coca-cola\search\mehlib\x64\Debug\mehlib.tlog\link.command.1.tlog
G:\Engi\gityedek\coca cola mustafa oncesi\coca-cola\search\mehlib\x64\Debug\mehlib.tlog\link.read.1.tlog
G:\Engi\gityedek\coca cola mustafa oncesi\coca-cola\search\mehlib\x64\Debug\mehlib.tlog\link.write.1.tlog
G:\Engi\gityedek\coca cola mustafa oncesi\coca-cola\search\mehlib\x64\Debug\mehlib.tlog\mehlib.write.1u.tlog
