h:\engı\gıt\coca-cola\search\mehlıb\x64\release\mehlıb.pch
h:\engı\gıt\coca-cola\search\mehlıb\x64\release\vc120.pdb
h:\engı\gıt\coca-cola\search\mehlıb\x64\release\stdafx.obj
h:\engı\gıt\coca-cola\search\mehlıb\x64\release\dllmaın.obj
h:\engı\gıt\coca-cola\search\mehlıb\x64\release\mehlıb.obj
h:\engı\gıt\coca-cola\search\x64\release\mehlıb.dll
h:\engı\gıt\coca-cola\search\x64\release\mehlıb.pdb
h:\engi\git\coca-cola\search\mehlib\x64\release\meh.obj
h:\engi\git\coca-cola\search\x64\release\mehlib.lib
h:\engi\git\coca-cola\search\x64\release\mehlib.exp
h:\engi\git\coca-cola\search\mehlib\x64\release\dllmain.obj
h:\engi\git\coca-cola\search\mehlib\x64\release\mehlib.obj
h:\engi\git\coca-cola\search\mehlib\x64\release\stdafx.obj
h:\engi\git\coca-cola\search\mehlib\x64\release\mehlib.pch
h:\engi\git\coca-cola\search\mehlib\x64\release\vc120.pdb
h:\engi\git\coca-cola\search\x64\release\mehlib.pdb
h:\engi\git\coca-cola\search\x64\release\mehlib.dll
h:\engi\git\coca-cola\search\mehlib\x64\release\mehlib.tlog\cl.command.1.tlog
h:\engi\git\coca-cola\search\mehlib\x64\release\mehlib.tlog\cl.read.1.tlog
h:\engi\git\coca-cola\search\mehlib\x64\release\mehlib.tlog\cl.write.1.tlog
h:\engi\git\coca-cola\search\mehlib\x64\release\mehlib.tlog\link.command.1.tlog
h:\engi\git\coca-cola\search\mehlib\x64\release\mehlib.tlog\link.read.1.tlog
h:\engi\git\coca-cola\search\mehlib\x64\release\mehlib.tlog\link.write.1.tlog
h:\engi\git\coca-cola\search\mehlib\x64\release\mehlib.tlog\mehlib.write.1u.tlog
